[MASTER] 14:37:22.848 [pool-2-thread-1] ERROR ConcreteClassAnalyzer - Problem for com.d365lab.eatery.restaurantcustomerorchestrator.utils.exceptions.ResourceNotFoundException. Class not found: org.springframework.data.querydsl.QSort
java.lang.ClassNotFoundException: Class not found: com/querydsl/core/types/Expression: java.lang.NullPointerException: Class not found com/querydsl/core/types/Expression
	at org.evosuite.instrumentation.InstrumentingClassLoader.instrumentClass(InstrumentingClassLoader.java:201)
	at org.evosuite.instrumentation.InstrumentingClassLoader.loadClass(InstrumentingClassLoader.java:168)
	at java.lang.Class.forName0(Native Method)
	at java.lang.Class.forName(Class.java:348)
	at org.evosuite.setup.ConcreteClassAnalyzer.getConcreteClassesImpl(ConcreteClassAnalyzer.java:130)
	at org.evosuite.setup.ConcreteClassAnalyzer.getConcreteClasses(ConcreteClassAnalyzer.java:61)
	at org.evosuite.setup.TestClusterGenerator.addDependency(TestClusterGenerator.java:878)
	at org.evosuite.setup.TestClusterGenerator.addDependencies(TestClusterGenerator.java:789)
	at org.evosuite.setup.TestClusterGenerator.addDependencyClass(TestClusterGenerator.java:985)
	at org.evosuite.setup.TestClusterGenerator.resolveDependencies(TestClusterGenerator.java:358)
	at org.evosuite.setup.TestClusterGenerator.addNewDependencies(TestClusterGenerator.java:164)
	at org.evosuite.testcase.TestFactory.createObject(TestFactory.java:1287)
	at org.evosuite.testcase.TestFactory.attemptGeneration(TestFactory.java:836)
	at org.evosuite.testcase.TestFactory.attemptGeneration(TestFactory.java:757)
	at org.evosuite.testcase.TestFactory.assignArray(TestFactory.java:737)
	at org.evosuite.testcase.TestFactory.createArray(TestFactory.java:1128)
	at org.evosuite.testcase.TestFactory.attemptGeneration(TestFactory.java:805)
	at org.evosuite.testcase.TestFactory.createVariable(TestFactory.java:1431)
	at org.evosuite.testcase.TestFactory.createOrReuseVariable(TestFactory.java:1376)
	at org.evosuite.testcase.TestFactory.satisfyParameters(TestFactory.java:2365)
	at org.evosuite.testcase.TestFactory.addMethodFor(TestFactory.java:601)
	at org.evosuite.testcase.TestFactory.addCallFor(TestFactory.java:130)
	at org.evosuite.testcase.TestFactory.insertRandomCallOnObjectAt(TestFactory.java:2296)
	at org.evosuite.testcase.mutation.RandomInsertion.insertStatement(RandomInsertion.java:127)
	at org.evosuite.testcase.TestFactory.insertRandomStatement(TestFactory.java:2308)
	at org.evosuite.testcase.factories.RandomLengthTestFactory.getRandomTestCase(RandomLengthTestFactory.java:69)
	at org.evosuite.testcase.factories.RandomLengthTestFactory.getChromosome(RandomLengthTestFactory.java:89)
	at org.evosuite.testcase.factories.RandomLengthTestFactory.getChromosome(RandomLengthTestFactory.java:40)
	at org.evosuite.ga.archive.ArchiveTestChromosomeFactory.getChromosome(ArchiveTestChromosomeFactory.java:88)
	at org.evosuite.ga.archive.ArchiveTestChromosomeFactory.getChromosome(ArchiveTestChromosomeFactory.java:35)
	at org.evosuite.testsuite.factories.TestSuiteChromosomeFactory.getChromosome(TestSuiteChromosomeFactory.java:84)
	at org.evosuite.testsuite.factories.TestSuiteChromosomeFactory.getChromosome(TestSuiteChromosomeFactory.java:35)
	at org.evosuite.ga.metaheuristics.GeneticAlgorithm.generateRandomPopulation(GeneticAlgorithm.java:413)
	at org.evosuite.ga.metaheuristics.GeneticAlgorithm.generateInitialPopulation(GeneticAlgorithm.java:356)
	at org.evosuite.ga.metaheuristics.MonotonicGA.initializePopulation(MonotonicGA.java:204)
	at org.evosuite.ga.metaheuristics.MonotonicGA.generateSolution(MonotonicGA.java:223)
	at org.evosuite.strategy.WholeTestSuiteStrategy.generateTests(WholeTestSuiteStrategy.java:113)
	at org.evosuite.TestSuiteGenerator.generateTests(TestSuiteGenerator.java:653)
	at org.evosuite.TestSuiteGenerator.generateTestSuite(TestSuiteGenerator.java:236)
	at org.evosuite.rmi.service.ClientNodeImpl$1.run(ClientNodeImpl.java:145)
	at java.util.concurrent.Executors$RunnableAdapter.call(Executors.java:511)
	at java.util.concurrent.FutureTask.run(FutureTask.java:266)
	at java.util.concurrent.ThreadPoolExecutor.runWorker(ThreadPoolExecutor.java:1149)
	at java.util.concurrent.ThreadPoolExecutor$Worker.run(ThreadPoolExecutor.java:624)
	at java.lang.Thread.run(Thread.java:748)
Caused by: java.lang.RuntimeException: Class not found: com/querydsl/core/types/Expression: java.lang.NullPointerException: Class not found com/querydsl/core/types/Expression
	at org.evosuite.runtime.util.ComputeClassWriter.getCommonSuperClass(ComputeClassWriter.java:58)
	at org.evosuite.shaded.org.objectweb.asm.ClassWriter.getMergedType(ClassWriter.java:1729)
	at org.evosuite.shaded.org.objectweb.asm.Frame.merge(Frame.java:1530)
	at org.evosuite.shaded.org.objectweb.asm.Frame.merge(Frame.java:1478)
	at org.evosuite.shaded.org.objectweb.asm.MethodWriter.visitMaxs(MethodWriter.java:1497)
	at org.evosuite.shaded.org.objectweb.asm.MethodVisitor.visitMaxs(MethodVisitor.java:867)
	at org.evosuite.shaded.org.objectweb.asm.MethodVisitor.visitMaxs(MethodVisitor.java:867)
	at org.evosuite.shaded.org.objectweb.asm.MethodVisitor.visitMaxs(MethodVisitor.java:867)
	at org.evosuite.runtime.instrumentation.LoopCounterMethodAdapter.visitMaxs(LoopCounterMethodAdapter.java:48)
	at org.evosuite.shaded.org.objectweb.asm.tree.MethodNode.accept(MethodNode.java:835)
	at org.evosuite.shaded.org.objectweb.asm.commons.JSRInlinerAdapter.visitEnd(JSRInlinerAdapter.java:187)
	at org.evosuite.shaded.org.objectweb.asm.MethodVisitor.visitEnd(MethodVisitor.java:878)
	at org.evosuite.shaded.org.objectweb.asm.MethodVisitor.visitEnd(MethodVisitor.java:878)
	at org.evosuite.shaded.org.objectweb.asm.MethodVisitor.visitEnd(MethodVisitor.java:878)
	at org.evosuite.shaded.org.objectweb.asm.ClassReader.readMethod(ClassReader.java:1130)
	at org.evosuite.shaded.org.objectweb.asm.ClassReader.accept(ClassReader.java:698)
	at org.evosuite.shaded.org.objectweb.asm.ClassReader.accept(ClassReader.java:500)
	at org.evosuite.instrumentation.BytecodeInstrumentation.transformBytes(BytecodeInstrumentation.java:294)
	at org.evosuite.instrumentation.InstrumentingClassLoader.getTransformedBytes(InstrumentingClassLoader.java:175)
	at org.evosuite.instrumentation.InstrumentingClassLoader.instrumentClass(InstrumentingClassLoader.java:192)
	... 44 common frames omitted
Caused by: java.lang.NullPointerException: Class not found com/querydsl/core/types/Expression
	at org.evosuite.runtime.util.ComputeClassWriter.typeInfo(ComputeClassWriter.java:186)
	at org.evosuite.runtime.util.ComputeClassWriter.getCommonSuperClass(ComputeClassWriter.java:55)
	... 63 common frames omitted
[MASTER] 14:37:22.855 [pool-2-thread-1] ERROR ConcreteClassAnalyzer - Removing class from inheritance tree
